  [1m[35m (6.4ms)[0m  [1m[35mCREATE TABLE "schema_migrations" ("version" varchar NOT NULL PRIMARY KEY)[0m
  [1m[35m (0.2ms)[0m  [1m[35mCREATE TABLE "ar_internal_metadata" ("key" varchar NOT NULL PRIMARY KEY, "value" varchar, "created_at" datetime(6) NOT NULL, "updated_at" datetime(6) NOT NULL)[0m
  [1m[36mActiveRecord::InternalMetadata Load (0.1ms)[0m  [1m[34mSELECT * FROM "ar_internal_metadata" WHERE "ar_internal_metadata"."key" = ? ORDER BY "ar_internal_metadata"."key" ASC LIMIT 1[0m  [[nil, "environment"]]
  [1m[36mActiveRecord::InternalMetadata Create (0.1ms)[0m  [1m[32mINSERT INTO "ar_internal_metadata" ("key", "value", "created_at", "updated_at") VALUES ('environment', 'development', '2024-05-29 23:27:14.146709', '2024-05-29 23:27:14.146712') RETURNING "key"[0m
  [1m[36mActiveRecord::SchemaMigration Load (0.1ms)[0m  [1m[34mSELECT "schema_migrations"."version" FROM "schema_migrations" ORDER BY "schema_migrations"."version" ASC[0m
Migrating to DeviseCreateUsers (20240529232659)
  [1m[36mTRANSACTION (0.1ms)[0m  [1m[36mbegin transaction[0m
  [1m[35m (0.9ms)[0m  [1m[35mCREATE TABLE "users" ("id" integer PRIMARY KEY AUTOINCREMENT NOT NULL, "email" varchar DEFAULT '' NOT NULL, "encrypted_password" varchar DEFAULT '' NOT NULL, "reset_password_token" varchar, "reset_password_sent_at" datetime(6), "remember_created_at" datetime(6), "created_at" datetime(6) NOT NULL, "updated_at" datetime(6) NOT NULL)[0m
  [1m[35m (0.1ms)[0m  [1m[35mCREATE UNIQUE INDEX "index_users_on_email" ON "users" ("email")[0m
  [1m[35m (0.1ms)[0m  [1m[35mCREATE UNIQUE INDEX "index_users_on_reset_password_token" ON "users" ("reset_password_token")[0m
  [1m[36mActiveRecord::SchemaMigration Create (0.1ms)[0m  [1m[32mINSERT INTO "schema_migrations" ("version") VALUES ('20240529232659') RETURNING "version"[0m
  [1m[36mTRANSACTION (0.2ms)[0m  [1m[36mcommit transaction[0m
  [1m[36mActiveRecord::SchemaMigration Load (0.0ms)[0m  [1m[34mSELECT "schema_migrations"."version" FROM "schema_migrations" ORDER BY "schema_migrations"."version" ASC[0m
  [1m[36mActiveRecord::InternalMetadata Load (0.1ms)[0m  [1m[34mSELECT * FROM "ar_internal_metadata" WHERE "ar_internal_metadata"."key" = ? ORDER BY "ar_internal_metadata"."key" ASC LIMIT 1[0m  [[nil, "environment"]]
  [1m[36mActiveRecord::SchemaMigration Load (0.1ms)[0m  [1m[34mSELECT "schema_migrations"."version" FROM "schema_migrations" ORDER BY "schema_migrations"."version" ASC[0m
Migrating to AddDetailsToUsers (20240529232748)
  [1m[36mTRANSACTION (0.0ms)[0m  [1m[36mbegin transaction[0m
  [1m[35m (0.8ms)[0m  [1m[35mALTER TABLE "users" ADD "name" varchar[0m
  [1m[35m (0.2ms)[0m  [1m[35mALTER TABLE "users" ADD "birthdate" date[0m
  [1m[35m (0.1ms)[0m  [1m[35mALTER TABLE "users" ADD "registration_date" datetime(6)[0m
  [1m[36mActiveRecord::SchemaMigration Create (0.1ms)[0m  [1m[32mINSERT INTO "schema_migrations" ("version") VALUES ('20240529232748') RETURNING "version"[0m
  [1m[36mTRANSACTION (0.1ms)[0m  [1m[36mcommit transaction[0m
  [1m[36mActiveRecord::SchemaMigration Load (0.0ms)[0m  [1m[34mSELECT "schema_migrations"."version" FROM "schema_migrations" ORDER BY "schema_migrations"."version" ASC[0m
  [1m[36mActiveRecord::InternalMetadata Load (0.1ms)[0m  [1m[34mSELECT * FROM "ar_internal_metadata" WHERE "ar_internal_metadata"."key" = ? ORDER BY "ar_internal_metadata"."key" ASC LIMIT 1[0m  [[nil, "environment"]]
  [1m[36mActiveRecord::SchemaMigration Load (0.1ms)[0m  [1m[34mSELECT "schema_migrations"."version" FROM "schema_migrations" ORDER BY "schema_migrations"."version" ASC[0m
Migrating to CreateProjects (20240529232815)
  [1m[36mActiveRecord::InternalMetadata Load (0.1ms)[0m  [1m[34mSELECT * FROM "ar_internal_metadata" WHERE "ar_internal_metadata"."key" = ? ORDER BY "ar_internal_metadata"."key" ASC LIMIT 1[0m  [[nil, "environment"]]
  [1m[36mActiveRecord::SchemaMigration Load (0.1ms)[0m  [1m[34mSELECT "schema_migrations"."version" FROM "schema_migrations" ORDER BY "schema_migrations"."version" ASC[0m
Migrating to CreateProjects (20240529232815)
  [1m[36mTRANSACTION (0.1ms)[0m  [1m[36mbegin transaction[0m
  [1m[35m (0.8ms)[0m  [1m[35mCREATE TABLE "projects" ("id" integer PRIMARY KEY AUTOINCREMENT NOT NULL, "title" varchar, "description" text, "user_id" integer NOT NULL, "created_at" datetime(6) NOT NULL, "updated_at" datetime(6) NOT NULL, CONSTRAINT "fk_rails_b872a6760a"
FOREIGN KEY ("user_id")
  REFERENCES "users" ("id")
)[0m
  [1m[35m (0.1ms)[0m  [1m[35mCREATE INDEX "index_projects_on_user_id" ON "projects" ("user_id")[0m
  [1m[36mActiveRecord::SchemaMigration Create (0.1ms)[0m  [1m[32mINSERT INTO "schema_migrations" ("version") VALUES ('20240529232815') RETURNING "version"[0m
  [1m[36mTRANSACTION (0.2ms)[0m  [1m[36mcommit transaction[0m
Migrating to CreateTasks (20240529232825)
  [1m[36mActiveRecord::InternalMetadata Load (0.1ms)[0m  [1m[34mSELECT * FROM "ar_internal_metadata" WHERE "ar_internal_metadata"."key" = ? ORDER BY "ar_internal_metadata"."key" ASC LIMIT 1[0m  [[nil, "environment"]]
  [1m[36mActiveRecord::SchemaMigration Load (0.1ms)[0m  [1m[34mSELECT "schema_migrations"."version" FROM "schema_migrations" ORDER BY "schema_migrations"."version" ASC[0m
Migrating to CreateTasks (20240529232825)
  [1m[36mTRANSACTION (0.0ms)[0m  [1m[36mbegin transaction[0m
  [1m[35m (0.9ms)[0m  [1m[35mCREATE TABLE "tasks" ("id" integer PRIMARY KEY AUTOINCREMENT NOT NULL, "title" varchar, "description" text, "user_id" integer NOT NULL, "created_at" datetime(6) NOT NULL, "updated_at" datetime(6) NOT NULL, CONSTRAINT "fk_rails_4d2a9e4d7e"
FOREIGN KEY ("user_id")
  REFERENCES "users" ("id")
)[0m
  [1m[35m (0.1ms)[0m  [1m[35mCREATE INDEX "index_tasks_on_user_id" ON "tasks" ("user_id")[0m
  [1m[36mActiveRecord::SchemaMigration Create (0.1ms)[0m  [1m[32mINSERT INTO "schema_migrations" ("version") VALUES ('20240529232825') RETURNING "version"[0m
  [1m[36mTRANSACTION (0.2ms)[0m  [1m[36mcommit transaction[0m
Migrating to CreateProjectMemberships (20240529232855)
  [1m[36mTRANSACTION (0.0ms)[0m  [1m[36mbegin transaction[0m
  [1m[35m (0.7ms)[0m  [1m[35mCREATE TABLE "project_memberships" ("id" integer PRIMARY KEY AUTOINCREMENT NOT NULL, "project_id" integer NOT NULL, "user_id" integer NOT NULL, "created_at" datetime(6) NOT NULL, "updated_at" datetime(6) NOT NULL, CONSTRAINT "fk_rails_18b611e244"
FOREIGN KEY ("project_id")
  REFERENCES "projects" ("id")
, CONSTRAINT "fk_rails_86b046ec96"
FOREIGN KEY ("user_id")
  REFERENCES "users" ("id")
)[0m
  [1m[35m (0.1ms)[0m  [1m[35mCREATE INDEX "index_project_memberships_on_project_id" ON "project_memberships" ("project_id")[0m
  [1m[35m (0.1ms)[0m  [1m[35mCREATE INDEX "index_project_memberships_on_user_id" ON "project_memberships" ("user_id")[0m
  [1m[36mActiveRecord::SchemaMigration Create (0.1ms)[0m  [1m[32mINSERT INTO "schema_migrations" ("version") VALUES ('20240529232855') RETURNING "version"[0m
  [1m[36mTRANSACTION (0.1ms)[0m  [1m[36mcommit transaction[0m
Migrating to CreateComments (20240529234222)
  [1m[36mActiveRecord::InternalMetadata Load (0.1ms)[0m  [1m[34mSELECT * FROM "ar_internal_metadata" WHERE "ar_internal_metadata"."key" = ? ORDER BY "ar_internal_metadata"."key" ASC LIMIT 1[0m  [[nil, "environment"]]
  [1m[36mActiveRecord::SchemaMigration Load (0.1ms)[0m  [1m[34mSELECT "schema_migrations"."version" FROM "schema_migrations" ORDER BY "schema_migrations"."version" ASC[0m
Migrating to CreateComments (20240529234222)
  [1m[36mTRANSACTION (0.1ms)[0m  [1m[36mbegin transaction[0m
  [1m[35m (0.9ms)[0m  [1m[35mCREATE TABLE "comments" ("id" integer PRIMARY KEY AUTOINCREMENT NOT NULL, "content" text, "user_id" integer NOT NULL, "commentable_type" varchar NOT NULL, "commentable_id" integer NOT NULL, "created_at" datetime(6) NOT NULL, "updated_at" datetime(6) NOT NULL, CONSTRAINT "fk_rails_03de2dc08c"
FOREIGN KEY ("user_id")
  REFERENCES "users" ("id")
)[0m
  [1m[35m (0.1ms)[0m  [1m[35mCREATE INDEX "index_comments_on_user_id" ON "comments" ("user_id")[0m
  [1m[35m (0.1ms)[0m  [1m[35mCREATE INDEX "index_comments_on_commentable_type_and_commentable_id" ON "comments" ("commentable_type", "commentable_id")[0m
  [1m[36mActiveRecord::SchemaMigration Create (0.1ms)[0m  [1m[32mINSERT INTO "schema_migrations" ("version") VALUES ('20240529234222') RETURNING "version"[0m
  [1m[36mTRANSACTION (0.2ms)[0m  [1m[36mcommit transaction[0m
  [1m[36mActiveRecord::SchemaMigration Load (0.0ms)[0m  [1m[34mSELECT "schema_migrations"."version" FROM "schema_migrations" ORDER BY "schema_migrations"."version" ASC[0m
Started GET "/users/sign_up" for ::1 at 2024-05-30 03:08:58 +0300
  [1m[36mActiveRecord::SchemaMigration Load (0.1ms)[0m  [1m[34mSELECT "schema_migrations"."version" FROM "schema_migrations" ORDER BY "schema_migrations"."version" ASC[0m
Processing by Devise::RegistrationsController#new as HTML
  Rendering layout layouts/application.html.erb
  Rendering devise/registrations/new.html.erb within layouts/application
  Rendered devise/registrations/new.html.erb within layouts/application (Duration: 217.9ms | Allocations: 21070)
  Rendered layout layouts/application.html.erb (Duration: 218.4ms | Allocations: 21191)
Completed 500 Internal Server Error in 440ms (ActiveRecord: 2.4ms | Allocations: 48618)


  
ActionView::Template::Error (No input found for date_picker):
     6: 
     7:   <div class="form-inputs">
     8:     <%= f.input :name, required: true, autofocus: true %>
     9:     <%= f.input :birthdate, as: :date_picker, required: true %>
    10:     <%= f.input :email, required: true %>
    11:     <%= f.input :password, required: true %>
    12:     <%= f.input :password_confirmation, required: true %>
  
app/views/devise/registrations/new.html.erb:9
app/views/devise/registrations/new.html.erb:4
Started GET "/users/" for ::1 at 2024-05-30 03:09:11 +0300
  
ActionController::RoutingError (No route matches [GET] "/users"):
  
Started GET "/users/sign_in" for ::1 at 2024-05-30 03:12:43 +0300
Processing by Devise::SessionsController#new as HTML
  Rendering layout layouts/application.html.erb
  Rendering devise/sessions/new.html.erb within layouts/application
  Rendered devise/shared/_links.html.erb (Duration: 0.9ms | Allocations: 576)
  Rendered devise/sessions/new.html.erb within layouts/application (Duration: 33.7ms | Allocations: 5251)
  Rendered layout layouts/application.html.erb (Duration: 540.7ms | Allocations: 85922)
Completed 500 Internal Server Error in 547ms (ActiveRecord: 0.0ms | Allocations: 86963)


  
ActionView::Template::Error (Permission denied @ rb_file_s_rename - (C:/Users/loki/my_project_name1/tmp/cache/assets/sprockets/v4.0.0/Pa/Paib59AsvrCpNEKErTMWn4fkWcW5_G3PqkcuaMNSQLs.cache.30560.12560.965676, C:/Users/loki/my_project_name1/tmp/cache/assets/sprockets/v4.0.0/Pa/Paib59AsvrCpNEKErTMWn4fkWcW5_G3PqkcuaMNSQLs.cache)):
  
sprockets (4.2.1) lib/sprockets/path_utils.rb:362:in `rename'
sprockets (4.2.1) lib/sprockets/path_utils.rb:362:in `atomic_write'
sprockets (4.2.1) lib/sprockets/cache/file_store.rb:112:in `set'
sprockets (4.2.1) lib/sprockets/cache.rb:227:in `set'
sprockets (4.2.1) lib/sprockets/cache.rb:93:in `fetch'
sprockets (4.2.1) lib/sprockets/base.rb:71:in `file_digest'
sprockets (4.2.1) lib/sprockets.rb:213:in `block in <module:Sprockets>'
sprockets (4.2.1) lib/sprockets/dependencies.rb:68:in `resolve_dependency'
sprockets (4.2.1) lib/sprockets/cached_environment.rb:54:in `block in resolve_dependency'
concurrent-ruby (1.2.3) lib/concurrent-ruby/concurrent/map.rb:207:in `block in fetch_or_store'
concurrent-ruby (1.2.3) lib/concurrent-ruby/concurrent/map.rb:187:in `fetch'
concurrent-ruby (1.2.3) lib/concurrent-ruby/concurrent/map.rb:206:in `fetch_or_store'
sprockets (4.2.1) lib/sprockets/cached_environment.rb:54:in `resolve_dependency'
sprockets (4.2.1) lib/sprockets/loader.rb:290:in `block in resolve_dependencies'
c:/Ruby32-x64/lib/ruby/3.2.0/set.rb:511:in `each_key'
c:/Ruby32-x64/lib/ruby/3.2.0/set.rb:511:in `each'
sprockets (4.2.1) lib/sprockets/loader.rb:290:in `map'
sprockets (4.2.1) lib/sprockets/loader.rb:290:in `resolve_dependencies'
sprockets (4.2.1) lib/sprockets/loader.rb:222:in `load_from_unloaded'
sprockets (4.2.1) lib/sprockets/loader.rb:59:in `block in load'
sprockets (4.2.1) lib/sprockets/loader.rb:339:in `fetch_asset_from_dependency_cache'
sprockets (4.2.1) lib/sprockets/loader.rb:43:in `load'
sprockets (4.2.1) lib/sprockets/cached_environment.rb:44:in `block in load'
concurrent-ruby (1.2.3) lib/concurrent-ruby/concurrent/map.rb:207:in `block in fetch_or_store'
concurrent-ruby (1.2.3) lib/concurrent-ruby/concurrent/map.rb:187:in `fetch'
concurrent-ruby (1.2.3) lib/concurrent-ruby/concurrent/map.rb:206:in `fetch_or_store'
sprockets (4.2.1) lib/sprockets/cached_environment.rb:44:in `load'
sprockets (4.2.1) lib/sprockets/bundle.rb:27:in `call'
sprockets (4.2.1) lib/sprockets/processor_utils.rb:84:in `call_processor'
sprockets (4.2.1) lib/sprockets/processor_utils.rb:66:in `block in call_processors'
sprockets (4.2.1) lib/sprockets/processor_utils.rb:65:in `reverse_each'
sprockets (4.2.1) lib/sprockets/processor_utils.rb:65:in `call_processors'
sprockets (4.2.1) lib/sprockets/loader.rb:184:in `load_from_unloaded'
sprockets (4.2.1) lib/sprockets/loader.rb:59:in `block in load'
sprockets (4.2.1) lib/sprockets/loader.rb:339:in `fetch_asset_from_dependency_cache'
sprockets (4.2.1) lib/sprockets/loader.rb:43:in `load'
sprockets (4.2.1) lib/sprockets/cached_environment.rb:44:in `block in load'
concurrent-ruby (1.2.3) lib/concurrent-ruby/concurrent/map.rb:207:in `block in fetch_or_store'
concurrent-ruby (1.2.3) lib/concurrent-ruby/concurrent/map.rb:187:in `fetch'
concurrent-ruby (1.2.3) lib/concurrent-ruby/concurrent/map.rb:206:in `fetch_or_store'
sprockets (4.2.1) lib/sprockets/cached_environment.rb:44:in `load'
sprockets (4.2.1) lib/sprockets/base.rb:81:in `find_asset'
sprockets (4.2.1) lib/sprockets/base.rb:88:in `find_all_linked_assets'
sprockets (4.2.1) lib/sprockets/manifest.rb:125:in `each'
sprockets (4.2.1) lib/sprockets/manifest.rb:125:in `to_a'
sprockets (4.2.1) lib/sprockets/manifest.rb:125:in `block (2 levels) in find'
concurrent-ruby (1.2.3) lib/concurrent-ruby/concurrent/executor/safe_task_executor.rb:24:in `block in execute'
concurrent-ruby (1.2.3) lib/concurrent-ruby/concurrent/synchronization/mutex_lockable_object.rb:48:in `block in synchronize'
concurrent-ruby (1.2.3) lib/concurrent-ruby/concurrent/synchronization/mutex_lockable_object.rb:48:in `synchronize'
concurrent-ruby (1.2.3) lib/concurrent-ruby/concurrent/synchronization/mutex_lockable_object.rb:48:in `synchronize'
concurrent-ruby (1.2.3) lib/concurrent-ruby/concurrent/executor/safe_task_executor.rb:22:in `execute'
concurrent-ruby (1.2.3) lib/concurrent-ruby/concurrent/promise.rb:564:in `block in realize'
concurrent-ruby (1.2.3) lib/concurrent-ruby/concurrent/executor/ruby_thread_pool_executor.rb:359:in `run_task'
concurrent-ruby (1.2.3) lib/concurrent-ruby/concurrent/executor/ruby_thread_pool_executor.rb:350:in `block (3 levels) in create_worker'
concurrent-ruby (1.2.3) lib/concurrent-ruby/concurrent/executor/ruby_thread_pool_executor.rb:341:in `loop'
concurrent-ruby (1.2.3) lib/concurrent-ruby/concurrent/executor/ruby_thread_pool_executor.rb:341:in `block (2 levels) in create_worker'
concurrent-ruby (1.2.3) lib/concurrent-ruby/concurrent/executor/ruby_thread_pool_executor.rb:340:in `catch'
concurrent-ruby (1.2.3) lib/concurrent-ruby/concurrent/executor/ruby_thread_pool_executor.rb:340:in `block in create_worker'
  [1m[36mActiveRecord::InternalMetadata Load (0.1ms)[0m  [1m[34mSELECT * FROM "ar_internal_metadata" WHERE "ar_internal_metadata"."key" = ? ORDER BY "ar_internal_metadata"."key" ASC LIMIT 1[0m  [[nil, "environment"]]
  [1m[36mActiveRecord::SchemaMigration Load (0.1ms)[0m  [1m[34mSELECT "schema_migrations"."version" FROM "schema_migrations" ORDER BY "schema_migrations"."version" ASC[0m
Migrating to AddDeviseToUsers (20240530004407)
  [1m[36mTRANSACTION (0.0ms)[0m  [1m[36mbegin transaction[0m
  [1m[35m (0.8ms)[0m  [1m[35mALTER TABLE "users" ADD "email" varchar DEFAULT '' NOT NULL[0m
  [1m[36mTRANSACTION (0.0ms)[0m  [1m[31mrollback transaction[0m
  [1m[36mActiveRecord::InternalMetadata Load (0.1ms)[0m  [1m[34mSELECT * FROM "ar_internal_metadata" WHERE "ar_internal_metadata"."key" = ? ORDER BY "ar_internal_metadata"."key" ASC LIMIT 1[0m  [[nil, "environment"]]
  [1m[36mActiveRecord::SchemaMigration Load (0.1ms)[0m  [1m[34mSELECT "schema_migrations"."version" FROM "schema_migrations" ORDER BY "schema_migrations"."version" ASC[0m
Migrating to AddDeviseToUsers (20240530004407)
  [1m[36mTRANSACTION (0.0ms)[0m  [1m[36mbegin transaction[0m
  [1m[35m (0.8ms)[0m  [1m[35mALTER TABLE "users" ADD "email" varchar DEFAULT '' NOT NULL[0m
  [1m[36mTRANSACTION (0.0ms)[0m  [1m[31mrollback transaction[0m
  [1m[36mActiveRecord::InternalMetadata Load (0.1ms)[0m  [1m[34mSELECT * FROM "ar_internal_metadata" WHERE "ar_internal_metadata"."key" = ? ORDER BY "ar_internal_metadata"."key" ASC LIMIT 1[0m  [[nil, "environment"]]
  [1m[36mActiveRecord::SchemaMigration Load (0.1ms)[0m  [1m[34mSELECT "schema_migrations"."version" FROM "schema_migrations" ORDER BY "schema_migrations"."version" ASC[0m
Migrating to AddDeviseToUsers (20240530004407)
  [1m[36mTRANSACTION (0.0ms)[0m  [1m[36mbegin transaction[0m
  [1m[35m (0.8ms)[0m  [1m[35mALTER TABLE "users" ADD "encrypted_password" varchar DEFAULT '' NOT NULL[0m
  [1m[36mTRANSACTION (0.0ms)[0m  [1m[31mrollback transaction[0m
  [1m[36mActiveRecord::InternalMetadata Load (0.1ms)[0m  [1m[34mSELECT * FROM "ar_internal_metadata" WHERE "ar_internal_metadata"."key" = ? ORDER BY "ar_internal_metadata"."key" ASC LIMIT 1[0m  [[nil, "environment"]]
  [1m[36mActiveRecord::SchemaMigration Load (0.1ms)[0m  [1m[34mSELECT "schema_migrations"."version" FROM "schema_migrations" ORDER BY "schema_migrations"."version" ASC[0m
Migrating to AddDeviseToUsers (20240530004407)
  [1m[36mTRANSACTION (0.0ms)[0m  [1m[36mbegin transaction[0m
  [1m[35m (0.8ms)[0m  [1m[35mALTER TABLE "users" ADD "encrypted_password" varchar DEFAULT '' NOT NULL[0m
  [1m[36mTRANSACTION (0.0ms)[0m  [1m[31mrollback transaction[0m
  [1m[36mActiveRecord::InternalMetadata Load (0.1ms)[0m  [1m[34mSELECT * FROM "ar_internal_metadata" WHERE "ar_internal_metadata"."key" = ? ORDER BY "ar_internal_metadata"."key" ASC LIMIT 1[0m  [[nil, "environment"]]
  [1m[36mActiveRecord::SchemaMigration Load (0.1ms)[0m  [1m[34mSELECT "schema_migrations"."version" FROM "schema_migrations" ORDER BY "schema_migrations"."version" ASC[0m
Migrating to AddDeviseToUsers (20240530004407)
  [1m[36mTRANSACTION (0.0ms)[0m  [1m[36mbegin transaction[0m
  [1m[35m (0.3ms)[0m  [1m[35mALTER TABLE "users" ADD "sign_in_count" integer DEFAULT 0 NOT NULL[0m
  [1m[35m (0.2ms)[0m  [1m[35mALTER TABLE "users" ADD "current_sign_in_at" datetime[0m
  [1m[35m (0.2ms)[0m  [1m[35mALTER TABLE "users" ADD "last_sign_in_at" datetime[0m
  [1m[35m (0.2ms)[0m  [1m[35mALTER TABLE "users" ADD "current_sign_in_ip" varchar[0m
  [1m[35m (0.2ms)[0m  [1m[35mALTER TABLE "users" ADD "last_sign_in_ip" varchar[0m
  [1m[36mActiveRecord::SchemaMigration Create (0.1ms)[0m  [1m[32mINSERT INTO "schema_migrations" ("version") VALUES ('20240530004407') RETURNING "version"[0m
  [1m[36mTRANSACTION (4.3ms)[0m  [1m[36mcommit transaction[0m
  [1m[36mActiveRecord::SchemaMigration Load (0.0ms)[0m  [1m[34mSELECT "schema_migrations"."version" FROM "schema_migrations" ORDER BY "schema_migrations"."version" ASC[0m
  [1m[36mActiveRecord::InternalMetadata Load (0.1ms)[0m  [1m[34mSELECT * FROM "ar_internal_metadata" WHERE "ar_internal_metadata"."key" = ? ORDER BY "ar_internal_metadata"."key" ASC LIMIT 1[0m  [[nil, "environment"]]
  [1m[36mActiveRecord::SchemaMigration Load (0.1ms)[0m  [1m[34mSELECT "schema_migrations"."version" FROM "schema_migrations" ORDER BY "schema_migrations"."version" ASC[0m
Migrating to CreateJoinTableProjectTask (20240530005222)
  [1m[36mTRANSACTION (0.0ms)[0m  [1m[36mbegin transaction[0m
  [1m[35m (0.7ms)[0m  [1m[35mCREATE TABLE "projects_tasks" ("project_id" integer NOT NULL, "task_id" integer NOT NULL)[0m
  [1m[36mActiveRecord::SchemaMigration Create (0.1ms)[0m  [1m[32mINSERT INTO "schema_migrations" ("version") VALUES ('20240530005222') RETURNING "version"[0m
  [1m[36mTRANSACTION (0.1ms)[0m  [1m[36mcommit transaction[0m
  [1m[36mActiveRecord::SchemaMigration Load (0.0ms)[0m  [1m[34mSELECT "schema_migrations"."version" FROM "schema_migrations" ORDER BY "schema_migrations"."version" ASC[0m
  [1m[36mActiveRecord::InternalMetadata Load (0.1ms)[0m  [1m[34mSELECT * FROM "ar_internal_metadata" WHERE "ar_internal_metadata"."key" = ? ORDER BY "ar_internal_metadata"."key" ASC LIMIT 1[0m  [[nil, "environment"]]
  [1m[36mActiveRecord::SchemaMigration Load (0.1ms)[0m  [1m[34mSELECT "schema_migrations"."version" FROM "schema_migrations" ORDER BY "schema_migrations"."version" ASC[0m
Migrating to CreateJoinTableProjectUser (20240530011532)
  [1m[36mTRANSACTION (0.0ms)[0m  [1m[36mbegin transaction[0m
  [1m[35m (0.8ms)[0m  [1m[35mCREATE TABLE "projects_users" ("project_id" integer NOT NULL, "user_id" integer NOT NULL)[0m
  [1m[36mActiveRecord::SchemaMigration Create (0.1ms)[0m  [1m[32mINSERT INTO "schema_migrations" ("version") VALUES ('20240530011532') RETURNING "version"[0m
  [1m[36mTRANSACTION (0.2ms)[0m  [1m[36mcommit transaction[0m
  [1m[36mActiveRecord::SchemaMigration Load (0.0ms)[0m  [1m[34mSELECT "schema_migrations"."version" FROM "schema_migrations" ORDER BY "schema_migrations"."version" ASC[0m
Started GET "/" for 127.0.0.1 at 2024-05-30 04:33:47 +0300
  [1m[36mActiveRecord::SchemaMigration Load (0.1ms)[0m  [1m[34mSELECT "schema_migrations"."version" FROM "schema_migrations" ORDER BY "schema_migrations"."version" ASC[0m
Processing by DashboardController#index as HTML
Completed 401 Unauthorized in 12ms (ActiveRecord: 0.0ms | Allocations: 2300)


Started GET "/users/sign_in" for 127.0.0.1 at 2024-05-30 04:33:47 +0300
Processing by Devise::SessionsController#new as HTML
  Rendering layout layouts/application.html.erb
  Rendering devise/sessions/new.html.erb within layouts/application
  Rendered devise/shared/_links.html.erb (Duration: 0.8ms | Allocations: 589)
  Rendered devise/sessions/new.html.erb within layouts/application (Duration: 61.2ms | Allocations: 12180)
  Rendered layout layouts/application.html.erb (Duration: 174.1ms | Allocations: 39758)
Completed 200 OK in 319ms (Views: 219.1ms | ActiveRecord: 2.5ms | Allocations: 68563)


Started GET "/users/sign_in" for 127.0.0.1 at 2024-05-30 04:33:50 +0300
Processing by Devise::SessionsController#new as HTML
  Rendering layout layouts/application.html.erb
  Rendering devise/sessions/new.html.erb within layouts/application
  Rendered devise/shared/_links.html.erb (Duration: 0.1ms | Allocations: 115)
  Rendered devise/sessions/new.html.erb within layouts/application (Duration: 2.7ms | Allocations: 3302)
  Rendered layout layouts/application.html.erb (Duration: 11.1ms | Allocations: 6160)
Completed 200 OK in 14ms (Views: 11.7ms | ActiveRecord: 0.0ms | Allocations: 6830)


Started GET "/users/sign_up" for 127.0.0.1 at 2024-05-30 04:33:51 +0300
Processing by Devise::RegistrationsController#new as HTML
  Rendering layout layouts/application.html.erb
  Rendering devise/registrations/new.html.erb within layouts/application
  Rendered devise/registrations/new.html.erb within layouts/application (Duration: 5.5ms | Allocations: 4221)
  Rendered layout layouts/application.html.erb (Duration: 6.0ms | Allocations: 4306)
Completed 500 Internal Server Error in 14ms (ActiveRecord: 0.0ms | Allocations: 5284)


  
ActionView::Template::Error (No input found for date_picker):
     6: 
     7:   <div class="form-inputs">
     8:     <%= f.input :name, required: true, autofocus: true %>
     9:     <%= f.input :birthdate, as: :date_picker, required: true %>
    10:     <%= f.input :email, required: true %>
    11:     <%= f.input :password, required: true %>
    12:     <%= f.input :password_confirmation, required: true %>
  
app/views/devise/registrations/new.html.erb:9
app/views/devise/registrations/new.html.erb:4
Started GET "/users/sign_in" for 127.0.0.1 at 2024-05-30 04:38:02 +0300
  [1m[36mActiveRecord::SchemaMigration Load (0.1ms)[0m  [1m[34mSELECT "schema_migrations"."version" FROM "schema_migrations" ORDER BY "schema_migrations"."version" ASC[0m
Processing by Devise::SessionsController#new as HTML
  Rendering layout layouts/application.html.erb
  Rendering devise/sessions/new.html.erb within layouts/application
  Rendered devise/shared/_links.html.erb (Duration: 1.0ms | Allocations: 589)
  Rendered devise/sessions/new.html.erb within layouts/application (Duration: 61.0ms | Allocations: 12701)
  Rendered layout layouts/application.html.erb (Duration: 347.1ms | Allocations: 102018)
Completed 500 Internal Server Error in 442ms (ActiveRecord: 2.7ms | Allocations: 131453)


  
ActionView::Template::Error (Permission denied @ rb_file_s_rename - (C:/Users/loki/my_project_name1/tmp/cache/assets/sprockets/v4.0.0/Nl/NlddO-zkmg7En_5i4iFLUQ8b9Wh9Nl6cL5s4IPbkW9U.cache.31220.16696.380035, C:/Users/loki/my_project_name1/tmp/cache/assets/sprockets/v4.0.0/Nl/NlddO-zkmg7En_5i4iFLUQ8b9Wh9Nl6cL5s4IPbkW9U.cache)):
  
sprockets (4.2.1) lib/sprockets/path_utils.rb:362:in `rename'
sprockets (4.2.1) lib/sprockets/path_utils.rb:362:in `atomic_write'
sprockets (4.2.1) lib/sprockets/cache/file_store.rb:112:in `set'
sprockets (4.2.1) lib/sprockets/cache.rb:227:in `set'
sprockets (4.2.1) lib/sprockets/cache.rb:143:in `set'
sprockets (4.2.1) lib/sprockets/loader.rb:343:in `fetch_asset_from_dependency_cache'
sprockets (4.2.1) lib/sprockets/loader.rb:43:in `load'
sprockets (4.2.1) lib/sprockets/cached_environment.rb:44:in `block in load'
concurrent-ruby (1.2.3) lib/concurrent-ruby/concurrent/map.rb:207:in `block in fetch_or_store'
concurrent-ruby (1.2.3) lib/concurrent-ruby/concurrent/map.rb:187:in `fetch'
concurrent-ruby (1.2.3) lib/concurrent-ruby/concurrent/map.rb:206:in `fetch_or_store'
sprockets (4.2.1) lib/sprockets/cached_environment.rb:44:in `load'
sprockets (4.2.1) lib/sprockets/bundle.rb:32:in `block in call'
c:/Ruby32-x64/lib/ruby/3.2.0/set.rb:511:in `each_key'
c:/Ruby32-x64/lib/ruby/3.2.0/set.rb:511:in `each'
sprockets (4.2.1) lib/sprockets/bundle.rb:31:in `call'
sprockets (4.2.1) lib/sprockets/processor_utils.rb:84:in `call_processor'
sprockets (4.2.1) lib/sprockets/processor_utils.rb:66:in `block in call_processors'
sprockets (4.2.1) lib/sprockets/processor_utils.rb:65:in `reverse_each'
sprockets (4.2.1) lib/sprockets/processor_utils.rb:65:in `call_processors'
sprockets (4.2.1) lib/sprockets/loader.rb:184:in `load_from_unloaded'
sprockets (4.2.1) lib/sprockets/loader.rb:59:in `block in load'
sprockets (4.2.1) lib/sprockets/loader.rb:339:in `fetch_asset_from_dependency_cache'
sprockets (4.2.1) lib/sprockets/loader.rb:43:in `load'
sprockets (4.2.1) lib/sprockets/cached_environment.rb:44:in `block in load'
concurrent-ruby (1.2.3) lib/concurrent-ruby/concurrent/map.rb:207:in `block in fetch_or_store'
concurrent-ruby (1.2.3) lib/concurrent-ruby/concurrent/map.rb:187:in `fetch'
concurrent-ruby (1.2.3) lib/concurrent-ruby/concurrent/map.rb:206:in `fetch_or_store'
sprockets (4.2.1) lib/sprockets/cached_environment.rb:44:in `load'
sprockets (4.2.1) lib/sprockets/base.rb:81:in `find_asset'
sprockets (4.2.1) lib/sprockets/base.rb:88:in `find_all_linked_assets'
sprockets (4.2.1) lib/sprockets/manifest.rb:125:in `each'
sprockets (4.2.1) lib/sprockets/manifest.rb:125:in `to_a'
sprockets (4.2.1) lib/sprockets/manifest.rb:125:in `block (2 levels) in find'
concurrent-ruby (1.2.3) lib/concurrent-ruby/concurrent/executor/safe_task_executor.rb:24:in `block in execute'
concurrent-ruby (1.2.3) lib/concurrent-ruby/concurrent/synchronization/mutex_lockable_object.rb:48:in `block in synchronize'
concurrent-ruby (1.2.3) lib/concurrent-ruby/concurrent/synchronization/mutex_lockable_object.rb:48:in `synchronize'
concurrent-ruby (1.2.3) lib/concurrent-ruby/concurrent/synchronization/mutex_lockable_object.rb:48:in `synchronize'
concurrent-ruby (1.2.3) lib/concurrent-ruby/concurrent/executor/safe_task_executor.rb:22:in `execute'
concurrent-ruby (1.2.3) lib/concurrent-ruby/concurrent/promise.rb:564:in `block in realize'
concurrent-ruby (1.2.3) lib/concurrent-ruby/concurrent/executor/ruby_thread_pool_executor.rb:359:in `run_task'
concurrent-ruby (1.2.3) lib/concurrent-ruby/concurrent/executor/ruby_thread_pool_executor.rb:350:in `block (3 levels) in create_worker'
concurrent-ruby (1.2.3) lib/concurrent-ruby/concurrent/executor/ruby_thread_pool_executor.rb:341:in `loop'
concurrent-ruby (1.2.3) lib/concurrent-ruby/concurrent/executor/ruby_thread_pool_executor.rb:341:in `block (2 levels) in create_worker'
concurrent-ruby (1.2.3) lib/concurrent-ruby/concurrent/executor/ruby_thread_pool_executor.rb:340:in `catch'
concurrent-ruby (1.2.3) lib/concurrent-ruby/concurrent/executor/ruby_thread_pool_executor.rb:340:in `block in create_worker'
Started GET "/" for 127.0.0.1 at 2024-05-30 04:38:33 +0300
Processing by DashboardController#index as HTML
Completed 401 Unauthorized in 2ms (ActiveRecord: 0.0ms | Allocations: 439)


Started GET "/users/sign_in" for 127.0.0.1 at 2024-05-30 04:38:34 +0300
Processing by Devise::SessionsController#new as HTML
  Rendering layout layouts/application.html.erb
  Rendering devise/sessions/new.html.erb within layouts/application
  Rendered devise/shared/_links.html.erb (Duration: 0.1ms | Allocations: 115)
  Rendered devise/sessions/new.html.erb within layouts/application (Duration: 2.5ms | Allocations: 3308)
  Rendered layout layouts/application.html.erb (Duration: 42.7ms | Allocations: 24104)
Completed 200 OK in 46ms (Views: 43.5ms | ActiveRecord: 0.0ms | Allocations: 24808)


Started GET "/" for 127.0.0.1 at 2024-05-30 04:38:40 +0300
Processing by DashboardController#index as HTML
Completed 401 Unauthorized in 2ms (ActiveRecord: 0.0ms | Allocations: 324)


Started GET "/users/sign_in" for 127.0.0.1 at 2024-05-30 04:38:40 +0300
Processing by Devise::SessionsController#new as HTML
  Rendering layout layouts/application.html.erb
  Rendering devise/sessions/new.html.erb within layouts/application
  Rendered devise/shared/_links.html.erb (Duration: 0.2ms | Allocations: 115)
  Rendered devise/sessions/new.html.erb within layouts/application (Duration: 2.9ms | Allocations: 3302)
  Rendered layout layouts/application.html.erb (Duration: 16.6ms | Allocations: 6345)
Completed 200 OK in 20ms (Views: 17.4ms | ActiveRecord: 0.0ms | Allocations: 7014)


Started GET "/users/sign_in" for 127.0.0.1 at 2024-05-30 04:38:42 +0300
Processing by Devise::SessionsController#new as HTML
  Rendering layout layouts/application.html.erb
  Rendering devise/sessions/new.html.erb within layouts/application
  Rendered devise/shared/_links.html.erb (Duration: 0.1ms | Allocations: 115)
  Rendered devise/sessions/new.html.erb within layouts/application (Duration: 2.4ms | Allocations: 3294)
  Rendered layout layouts/application.html.erb (Duration: 12.0ms | Allocations: 6321)
Completed 200 OK in 15ms (Views: 13.0ms | ActiveRecord: 0.0ms | Allocations: 7008)


Started GET "/users/sign_up" for 127.0.0.1 at 2024-05-30 04:38:43 +0300
Processing by Devise::RegistrationsController#new as HTML
  Rendering layout layouts/application.html.erb
  Rendering devise/registrations/new.html.erb within layouts/application
  Rendered devise/registrations/new.html.erb within layouts/application (Duration: 3.9ms | Allocations: 3827)
  Rendered layout layouts/application.html.erb (Duration: 4.5ms | Allocations: 3912)
Completed 500 Internal Server Error in 11ms (ActiveRecord: 0.0ms | Allocations: 4872)


  
ActionView::Template::Error (No input found for date_picker):
     6: 
     7:   <div class="form-inputs">
     8:     <%= f.input :name, required: true, autofocus: true %>
     9:     <%= f.input :birthdate, as: :date_picker, required: true %>
    10:     <%= f.input :email, required: true %>
    11:     <%= f.input :password, required: true %>
    12:     <%= f.input :password_confirmation, required: true %>
  
app/views/devise/registrations/new.html.erb:9
app/views/devise/registrations/new.html.erb:4
Started GET "/users/sign_up" for 127.0.0.1 at 2024-05-30 04:38:50 +0300
Processing by Devise::RegistrationsController#new as HTML
  Rendering layout layouts/application.html.erb
  Rendering devise/registrations/new.html.erb within layouts/application
  Rendered devise/registrations/new.html.erb within layouts/application (Duration: 1.4ms | Allocations: 3125)
  Rendered layout layouts/application.html.erb (Duration: 1.8ms | Allocations: 3210)
Completed 500 Internal Server Error in 5ms (ActiveRecord: 0.0ms | Allocations: 3817)


  
ActionView::Template::Error (No input found for date_picker):
     6: 
     7:   <div class="form-inputs">
     8:     <%= f.input :name, required: true, autofocus: true %>
     9:     <%= f.input :birthdate, as: :date_picker, required: true %>
    10:     <%= f.input :email, required: true %>
    11:     <%= f.input :password, required: true %>
    12:     <%= f.input :password_confirmation, required: true %>
  
app/views/devise/registrations/new.html.erb:9
app/views/devise/registrations/new.html.erb:4
Started GET "/users/password/new" for 127.0.0.1 at 2024-05-30 04:38:54 +0300
Processing by Devise::PasswordsController#new as HTML
  Rendering layout layouts/application.html.erb
  Rendering devise/passwords/new.html.erb within layouts/application
  Rendered devise/shared/_links.html.erb (Duration: 0.2ms | Allocations: 125)
  Rendered devise/passwords/new.html.erb within layouts/application (Duration: 2.6ms | Allocations: 1733)
  Rendered layout layouts/application.html.erb (Duration: 12.3ms | Allocations: 4781)
Completed 200 OK in 19ms (Views: 15.6ms | ActiveRecord: 0.0ms | Allocations: 5723)


Started GET "/home/index" for 127.0.0.1 at 2024-05-30 04:44:16 +0300
  [1m[36mActiveRecord::SchemaMigration Load (0.1ms)[0m  [1m[34mSELECT "schema_migrations"."version" FROM "schema_migrations" ORDER BY "schema_migrations"."version" ASC[0m
Processing by HomeController#index as HTML
  Rendering layout layouts/application.html.erb
  Rendering home/index.html.erb within layouts/application
  Rendered home/index.html.erb within layouts/application (Duration: 5.5ms | Allocations: 1956)
  Rendered layout layouts/application.html.erb (Duration: 6.0ms | Allocations: 2076)
Completed 500 Internal Server Error in 51ms (ActiveRecord: 0.0ms | Allocations: 8015)


  
ActionView::Template::Error (Missing partial layouts/_application with {:locale=>[:en], :formats=>[:html], :variants=>[], :handlers=>[:raw, :erb, :html, :builder, :ruby, :jbuilder]}.

Searched in:
  * "C:/Users/loki/my_project_name1/app/views"
  * "c:/Ruby32-x64/lib/ruby/gems/3.2.0/gems/turbo-rails-2.0.5/app/views"
  * "c:/Ruby32-x64/lib/ruby/gems/3.2.0/gems/devise-4.9.4/app/views"
  * "c:/Ruby32-x64/lib/ruby/gems/3.2.0/gems/actiontext-7.1.3.3/app/views"
  * "c:/Ruby32-x64/lib/ruby/gems/3.2.0/gems/actionmailbox-7.1.3.3/app/views"
):
    1: <!-- app/views/home/index.html.erb -->
    2: <%= render 'layouts/application' %>
    3: <h1>Welcome to the Project Management App</h1>
    4: <% if user_signed_in? %>
    5:   <p>Welcome, <%= current_user.name %>!</p>
  
app/views/home/index.html.erb:2
Started GET "/home/index" for 127.0.0.1 at 2024-05-30 04:46:53 +0300
  [1m[36mActiveRecord::SchemaMigration Load (0.1ms)[0m  [1m[34mSELECT "schema_migrations"."version" FROM "schema_migrations" ORDER BY "schema_migrations"."version" ASC[0m
Processing by HomeController#index as HTML
  Rendering layout layouts/application.html.erb
  Rendering home/index.html.erb within layouts/application
  Rendered layouts/_application.html.erb (Duration: 54.8ms | Allocations: 25843)
  Rendered home/index.html.erb within layouts/application (Duration: 58.8ms | Allocations: 26664)
  Rendered layout layouts/application.html.erb (Duration: 61.2ms | Allocations: 29316)
Completed 200 OK in 97ms (Views: 71.5ms | ActiveRecord: 0.0ms | Allocations: 35305)


Started GET "/users/sign_up" for 127.0.0.1 at 2024-05-30 04:47:00 +0300
Processing by Devise::RegistrationsController#new as HTML
  Rendering layout layouts/application.html.erb
  Rendering devise/registrations/new.html.erb within layouts/application
  Rendered devise/registrations/new.html.erb within layouts/application (Duration: 61.3ms | Allocations: 11877)
  Rendered layout layouts/application.html.erb (Duration: 61.8ms | Allocations: 11964)
Completed 500 Internal Server Error in 123ms (ActiveRecord: 2.6ms | Allocations: 35588)


  
ActionView::Template::Error (No input found for date_picker):
     6: 
     7:   <div class="form-inputs">
     8:     <%= f.input :name, required: true, autofocus: true %>
     9:     <%= f.input :birthdate, as: :date_picker, required: true %>
    10:     <%= f.input :email, required: true %>
    11:     <%= f.input :password, required: true %>
    12:     <%= f.input :password_confirmation, required: true %>
  
app/views/devise/registrations/new.html.erb:9
app/views/devise/registrations/new.html.erb:4
Started GET "/users/sign_up" for 127.0.0.1 at 2024-05-30 04:52:59 +0300
  [1m[36mActiveRecord::SchemaMigration Load (0.1ms)[0m  [1m[34mSELECT "schema_migrations"."version" FROM "schema_migrations" ORDER BY "schema_migrations"."version" ASC[0m
Processing by Devise::RegistrationsController#new as HTML
  Rendering layout layouts/application.html.erb
  Rendering devise/registrations/new.html.erb within layouts/application
  Rendered devise/registrations/new.html.erb within layouts/application (Duration: 59.1ms | Allocations: 12062)
  Rendered layout layouts/application.html.erb (Duration: 59.6ms | Allocations: 12183)
Completed 500 Internal Server Error in 158ms (ActiveRecord: 2.6ms | Allocations: 41527)


  
ActionView::Template::Error (No input found for date_picker):
     6: 
     7:   <div class="form-inputs">
     8:     <%= f.input :name, required: true, autofocus: true %>
     9:     <%= f.input :birthdate, as: :date_picker, required: true %>
    10:     <%= f.input :email, required: true %>
    11:     <%= f.input :password, required: true %>
    12:     <%= f.input :password_confirmation, required: true %>
  
app/views/devise/registrations/new.html.erb:9
app/views/devise/registrations/new.html.erb:4
Started GET "/users/sign_up" for 127.0.0.1 at 2024-05-30 05:01:24 +0300
  [1m[36mActiveRecord::SchemaMigration Load (0.1ms)[0m  [1m[34mSELECT "schema_migrations"."version" FROM "schema_migrations" ORDER BY "schema_migrations"."version" ASC[0m
Processing by Devise::RegistrationsController#new as HTML
  Rendering layout layouts/application.html.erb
  Rendering devise/registrations/new.html.erb within layouts/application
  Rendered devise/shared/_links.html.erb (Duration: 0.8ms | Allocations: 541)
  Rendered devise/registrations/new.html.erb within layouts/application (Duration: 79.5ms | Allocations: 14115)
  Rendered layout layouts/application.html.erb (Duration: 240.9ms | Allocations: 45618)
Completed 200 OK in 354ms (Views: 286.9ms | ActiveRecord: 2.7ms | Allocations: 75003)


Started POST "/users" for 127.0.0.1 at 2024-05-30 05:01:51 +0300
Processing by Devise::RegistrationsController#create as HTML
  Parameters: {"authenticity_token"=>"[FILTERED]", "user"=>{"name"=>"1", "birthdate"=>"2024-05-09", "email"=>"appmoneta2@gmail.com", "password"=>"[FILTERED]", "password_confirmation"=>"[FILTERED]"}, "commit"=>"Sign up"}
  [1m[36mTRANSACTION (0.1ms)[0m  [1m[36mbegin transaction[0m
  [1m[36mUser Exists? (1.2ms)[0m  [1m[34mSELECT 1 AS one FROM "users" WHERE "users"."email" = ? LIMIT ?[0m  [["email", "appmoneta2@gmail.com"], ["LIMIT", 1]]
  [1m[36mCACHE User Exists? (0.0ms)[0m  [1m[34mSELECT 1 AS one FROM "users" WHERE "users"."email" = ? LIMIT ?[0m  [["email", "appmoneta2@gmail.com"], ["LIMIT", 1]]
  [1m[36mCACHE User Exists? (0.0ms)[0m  [1m[34mSELECT 1 AS one FROM "users" WHERE "users"."email" = ? LIMIT ?[0m  [["email", "appmoneta2@gmail.com"], ["LIMIT", 1]]
  [1m[36mUser Create (0.2ms)[0m  [1m[32mINSERT INTO "users" ("email", "encrypted_password", "reset_password_token", "reset_password_sent_at", "remember_created_at", "created_at", "updated_at", "name", "birthdate", "registration_date", "sign_in_count", "current_sign_in_at", "last_sign_in_at", "current_sign_in_ip", "last_sign_in_ip") VALUES (?, ?, ?, ?, ?, ?, ?, ?, ?, ?, ?, ?, ?, ?, ?) RETURNING "id"[0m  [["email", "appmoneta2@gmail.com"], ["encrypted_password", "[FILTERED]"], ["reset_password_token", "[FILTERED]"], ["reset_password_sent_at", "[FILTERED]"], ["remember_created_at", nil], ["created_at", "2024-05-30 02:01:52.042204"], ["updated_at", "2024-05-30 02:01:52.042204"], ["name", "1"], ["birthdate", "2024-05-09"], ["registration_date", nil], ["sign_in_count", 0], ["current_sign_in_at", nil], ["last_sign_in_at", nil], ["current_sign_in_ip", nil], ["last_sign_in_ip", nil]]
  [1m[36mTRANSACTION (5.0ms)[0m  [1m[36mcommit transaction[0m
Redirected to http://127.0.0.1:3000/
Completed 303 See Other in 305ms (ActiveRecord: 6.6ms | Allocations: 17511)


Started GET "/" for 127.0.0.1 at 2024-05-30 05:01:52 +0300
Processing by DashboardController#index as HTML
  [1m[36mUser Load (0.1ms)[0m  [1m[34mSELECT "users".* FROM "users" WHERE "users"."id" = ? ORDER BY "users"."id" ASC LIMIT ?[0m  [["id", 1], ["LIMIT", 1]]
  Rendering layout layouts/application.html.erb
  Rendering dashboard/index.html.erb within layouts/application
  [1m[36mProject Load (0.1ms)[0m  [1m[34mSELECT "projects".* FROM "projects" WHERE "projects"."user_id" = ?[0m  [["user_id", 1]]
  ↳ app/views/dashboard/index.html.erb:6
  [1m[36mTask Load (0.1ms)[0m  [1m[34mSELECT DISTINCT "tasks".* FROM "tasks" INNER JOIN "projects_tasks" ON "projects_tasks"."task_id" = "tasks"."id" INNER JOIN "projects" ON "projects"."id" = "projects_tasks"."project_id" WHERE "projects"."user_id" = ?[0m  [["user_id", 1]]
  ↳ app/views/dashboard/index.html.erb:13
  Rendered dashboard/index.html.erb within layouts/application (Duration: 32.8ms | Allocations: 6383)
  Rendered layout layouts/application.html.erb (Duration: 43.9ms | Allocations: 10287)
Completed 500 Internal Server Error in 113ms (ActiveRecord: 1.3ms | Allocations: 27756)


  
ActionView::Template::Error (undefined local variable or method `dashboard_index_path' for #<ActionView::Base:0x0000000000f7f8>):
    21:       <ul class="navbar-nav me-auto mb-2 mb-lg-0">
    22:         <% if user_signed_in? %>
    23:           <li class="nav-item">
    24:             <%= link_to 'Dashboard', dashboard_index_path, class: 'nav-link' %>
    25:           </li>
    26:           <li class="nav-item">
    27:             <%= link_to 'Projects', projects_path, class: 'nav-link' %>
  
app/views/layouts/application.html.erb:24
Started GET "/" for 127.0.0.1 at 2024-05-30 05:05:33 +0300
  [1m[36mActiveRecord::SchemaMigration Load (0.1ms)[0m  [1m[34mSELECT "schema_migrations"."version" FROM "schema_migrations" ORDER BY "schema_migrations"."version" ASC[0m
Processing by DashboardController#index as HTML
  [1m[36mUser Load (0.1ms)[0m  [1m[34mSELECT "users".* FROM "users" WHERE "users"."id" = ? ORDER BY "users"."id" ASC LIMIT ?[0m  [["id", 1], ["LIMIT", 1]]
  Rendering layout layouts/application.html.erb
  Rendering dashboard/index.html.erb within layouts/application
  [1m[36mProject Load (0.1ms)[0m  [1m[34mSELECT "projects".* FROM "projects" WHERE "projects"."user_id" = ?[0m  [["user_id", 1]]
  ↳ app/views/dashboard/index.html.erb:6
  [1m[36mTask Load (0.1ms)[0m  [1m[34mSELECT DISTINCT "tasks".* FROM "tasks" INNER JOIN "projects_tasks" ON "projects_tasks"."task_id" = "tasks"."id" INNER JOIN "projects" ON "projects"."id" = "projects_tasks"."project_id" WHERE "projects"."user_id" = ?[0m  [["user_id", 1]]
  ↳ app/views/dashboard/index.html.erb:13
  Rendered dashboard/index.html.erb within layouts/application (Duration: 12.9ms | Allocations: 4251)
  Rendered layout layouts/application.html.erb (Duration: 179.9ms | Allocations: 37377)
Completed 500 Internal Server Error in 310ms (ActiveRecord: 3.7ms | Allocations: 82697)


  
ActionView::Template::Error (undefined local variable or method `tasks_path' for #<ActionView::Base:0x0000000000f6b8>):
    27:             <%= link_to 'Projects', projects_path, class: 'nav-link' %>
    28:           </li>
    29:           <li class="nav-item">
    30:             <%= link_to 'Tasks', tasks_path, class: 'nav-link' %>
    31:           </li>
    32:         <% end %>
    33:       </ul>
  
app/views/layouts/application.html.erb:30
Started POST "/users" for 127.0.0.1 at 2024-05-30 05:05:37 +0300
Processing by Devise::RegistrationsController#create as HTML
  Parameters: {"authenticity_token"=>"[FILTERED]", "user"=>{"name"=>"1", "birthdate"=>"2024-05-09", "email"=>"appmoneta2@gmail.com", "password"=>"[FILTERED]", "password_confirmation"=>"[FILTERED]"}, "commit"=>"Sign up"}
  [1m[36mUser Load (0.1ms)[0m  [1m[34mSELECT "users".* FROM "users" WHERE "users"."id" = ? ORDER BY "users"."id" ASC LIMIT ?[0m  [["id", 1], ["LIMIT", 1]]
Redirected to http://127.0.0.1:3000/
Filter chain halted as :require_no_authentication rendered or redirected
Completed 302 Found in 3ms (ActiveRecord: 0.1ms | Allocations: 1988)


Started GET "/" for 127.0.0.1 at 2024-05-30 05:05:38 +0300
Processing by DashboardController#index as HTML
  [1m[36mUser Load (0.1ms)[0m  [1m[34mSELECT "users".* FROM "users" WHERE "users"."id" = ? ORDER BY "users"."id" ASC LIMIT ?[0m  [["id", 1], ["LIMIT", 1]]
  Rendering layout layouts/application.html.erb
  Rendering dashboard/index.html.erb within layouts/application
  [1m[36mProject Load (0.0ms)[0m  [1m[34mSELECT "projects".* FROM "projects" WHERE "projects"."user_id" = ?[0m  [["user_id", 1]]
  ↳ app/views/dashboard/index.html.erb:6
  [1m[36mTask Load (0.1ms)[0m  [1m[34mSELECT DISTINCT "tasks".* FROM "tasks" INNER JOIN "projects_tasks" ON "projects_tasks"."task_id" = "tasks"."id" INNER JOIN "projects" ON "projects"."id" = "projects_tasks"."project_id" WHERE "projects"."user_id" = ?[0m  [["user_id", 1]]
  ↳ app/views/dashboard/index.html.erb:13
  Rendered dashboard/index.html.erb within layouts/application (Duration: 2.0ms | Allocations: 1072)
  Rendered layout layouts/application.html.erb (Duration: 12.0ms | Allocations: 5019)
Completed 500 Internal Server Error in 17ms (ActiveRecord: 0.2ms | Allocations: 6681)


  
ActionView::Template::Error (undefined local variable or method `tasks_path' for #<ActionView::Base:0x0000000000fa78>):
    27:             <%= link_to 'Projects', projects_path, class: 'nav-link' %>
    28:           </li>
    29:           <li class="nav-item">
    30:             <%= link_to 'Tasks', tasks_path, class: 'nav-link' %>
    31:           </li>
    32:         <% end %>
    33:       </ul>
  
app/views/layouts/application.html.erb:30
Started POST "/users" for 127.0.0.1 at 2024-05-30 05:07:16 +0300
Processing by Devise::RegistrationsController#create as HTML
  Parameters: {"authenticity_token"=>"[FILTERED]", "user"=>{"name"=>"1", "birthdate"=>"2024-05-09", "email"=>"appmoneta2@gmail.com", "password"=>"[FILTERED]", "password_confirmation"=>"[FILTERED]"}, "commit"=>"Sign up"}
  [1m[36mUser Load (0.1ms)[0m  [1m[34mSELECT "users".* FROM "users" WHERE "users"."id" = ? ORDER BY "users"."id" ASC LIMIT ?[0m  [["id", 1], ["LIMIT", 1]]
Redirected to http://127.0.0.1:3000/
Filter chain halted as :require_no_authentication rendered or redirected
Completed 302 Found in 10ms (ActiveRecord: 2.8ms | Allocations: 8489)


Started GET "/" for 127.0.0.1 at 2024-05-30 05:07:16 +0300
Processing by DashboardController#index as HTML
  [1m[36mUser Load (0.1ms)[0m  [1m[34mSELECT "users".* FROM "users" WHERE "users"."id" = ? ORDER BY "users"."id" ASC LIMIT ?[0m  [["id", 1], ["LIMIT", 1]]
  Rendering layout layouts/application.html.erb
  Rendering dashboard/index.html.erb within layouts/application
  [1m[36mProject Load (0.1ms)[0m  [1m[34mSELECT "projects".* FROM "projects" WHERE "projects"."user_id" = ?[0m  [["user_id", 1]]
  ↳ app/views/dashboard/index.html.erb:6
  [1m[36mTask Load (0.1ms)[0m  [1m[34mSELECT DISTINCT "tasks".* FROM "tasks" INNER JOIN "projects_tasks" ON "projects_tasks"."task_id" = "tasks"."id" INNER JOIN "projects" ON "projects"."id" = "projects_tasks"."project_id" WHERE "projects"."user_id" = ?[0m  [["user_id", 1]]
  ↳ app/views/dashboard/index.html.erb:13
  Rendered dashboard/index.html.erb within layouts/application (Duration: 3.4ms | Allocations: 2492)
  Rendered layout layouts/application.html.erb (Duration: 14.0ms | Allocations: 6164)
Completed 200 OK in 42ms (Views: 18.8ms | ActiveRecord: 0.8ms | Allocations: 18017)


Started GET "/users/edit" for 127.0.0.1 at 2024-05-30 05:07:21 +0300
Processing by Devise::RegistrationsController#edit as HTML
  [1m[36mUser Load (0.1ms)[0m  [1m[34mSELECT "users".* FROM "users" WHERE "users"."id" = ? ORDER BY "users"."id" ASC LIMIT ?[0m  [["id", 1], ["LIMIT", 1]]
  Rendering layout layouts/application.html.erb
  Rendering devise/registrations/edit.html.erb within layouts/application
  Rendered devise/registrations/edit.html.erb within layouts/application (Duration: 56.7ms | Allocations: 11411)
  Rendered layout layouts/application.html.erb (Duration: 57.2ms | Allocations: 11498)
Completed 500 Internal Server Error in 71ms (ActiveRecord: 0.1ms | Allocations: 13778)


  
ActionView::Template::Error (No input found for date_picker):
     6: 
     7:   <div class="form-inputs">
     8:     <%= f.input :name, required: true, autofocus: true %>
     9:     <%= f.input :birthdate, as: :date_picker, required: true %>
    10:     <%= f.input :email, required: true %>
    11:     <%= f.input :password, autocomplete: "off", placeholder: "Leave blank if you don't want to change it" %>
    12:     <%= f.input :password_confirmation %>
  
app/views/devise/registrations/edit.html.erb:9
app/views/devise/registrations/edit.html.erb:4
Started GET "/users/edit" for 127.0.0.1 at 2024-05-30 05:08:02 +0300
Processing by Devise::RegistrationsController#edit as HTML
  [1m[36mUser Load (0.1ms)[0m  [1m[34mSELECT "users".* FROM "users" WHERE "users"."id" = ? ORDER BY "users"."id" ASC LIMIT ?[0m  [["id", 1], ["LIMIT", 1]]
  Rendering layout layouts/application.html.erb
  Rendering devise/registrations/edit.html.erb within layouts/application
  Rendered devise/shared/_links.html.erb (Duration: 0.7ms | Allocations: 524)
  Rendered devise/registrations/edit.html.erb within layouts/application (Duration: 11.0ms | Allocations: 6232)
  Rendered layout layouts/application.html.erb (Duration: 21.4ms | Allocations: 9847)
Completed 200 OK in 69ms (Views: 58.5ms | ActiveRecord: 2.5ms | Allocations: 19200)


Started GET "/projects" for 127.0.0.1 at 2024-05-30 05:08:13 +0300
Processing by ProjectsController#index as HTML
  [1m[36mUser Load (0.1ms)[0m  [1m[34mSELECT "users".* FROM "users" WHERE "users"."id" = ? ORDER BY "users"."id" ASC LIMIT ?[0m  [["id", 1], ["LIMIT", 1]]
  Rendering layout layouts/application.html.erb
  Rendering projects/index.html.erb within layouts/application
  [1m[36mProject Load (0.1ms)[0m  [1m[34mSELECT "projects".* FROM "projects" WHERE "projects"."user_id" = ?[0m  [["user_id", 1]]
  ↳ app/views/projects/index.html.erb:5
  Rendered projects/index.html.erb within layouts/application (Duration: 3.3ms | Allocations: 1973)
  Rendered layout layouts/application.html.erb (Duration: 12.3ms | Allocations: 5070)
Completed 200 OK in 47ms (Views: 17.0ms | ActiveRecord: 0.6ms | Allocations: 12629)


Started GET "/tasks" for 127.0.0.1 at 2024-05-30 05:08:14 +0300
Processing by TasksController#index as HTML
  [1m[36mUser Load (0.1ms)[0m  [1m[34mSELECT "users".* FROM "users" WHERE "users"."id" = ? ORDER BY "users"."id" ASC LIMIT ?[0m  [["id", 1], ["LIMIT", 1]]
Completed 404 Not Found in 5ms (ActiveRecord: 0.1ms | Allocations: 2021)


  
ActiveRecord::RecordNotFound (Couldn't find Project without an ID):
  
app/controllers/tasks_controller.rb:53:in `set_project'
Started GET "/tasks" for 127.0.0.1 at 2024-05-30 05:11:47 +0300
Processing by TasksController#index as HTML
  [1m[36mUser Load (0.2ms)[0m  [1m[34mSELECT "users".* FROM "users" WHERE "users"."id" = ? ORDER BY "users"."id" ASC LIMIT ?[0m  [["id", 1], ["LIMIT", 1]]
Completed 404 Not Found in 43ms (ActiveRecord: 4.2ms | Allocations: 14458)


  
ActiveRecord::RecordNotFound (Couldn't find Project without an ID):
  
app/controllers/tasks_controller.rb:50:in `set_project'
Started GET "/users/edit" for 127.0.0.1 at 2024-05-30 05:16:42 +0300
  [1m[36mActiveRecord::SchemaMigration Load (0.1ms)[0m  [1m[34mSELECT "schema_migrations"."version" FROM "schema_migrations" ORDER BY "schema_migrations"."version" ASC[0m
Processing by Devise::RegistrationsController#edit as HTML
  [1m[36mUser Load (0.1ms)[0m  [1m[34mSELECT "users".* FROM "users" WHERE "users"."id" = ? ORDER BY "users"."id" ASC LIMIT ?[0m  [["id", 1], ["LIMIT", 1]]
  Rendering layout layouts/application.html.erb
  Rendering devise/registrations/edit.html.erb within layouts/application
  Rendered devise/shared/_links.html.erb (Duration: 0.7ms | Allocations: 533)
  Rendered devise/registrations/edit.html.erb within layouts/application (Duration: 64.4ms | Allocations: 14436)
  Rendered layout layouts/application.html.erb (Duration: 109.4ms | Allocations: 39001)
Completed 200 OK in 219ms (Views: 136.7ms | ActiveRecord: 2.7ms | Allocations: 72425)


